<?xml version="1.0" encoding="UTF-8"?>
<testng-results ignored="0" total="1" passed="1" failed="0" skipped="0">
  <reporter-output>
  </reporter-output>
  <suite started-at="2023-10-25T10:48:26Z" name="Suite" finished-at="2023-10-25T10:48:33Z" duration-ms="6862">
    <groups>
      <group name="invalid">
        <method signature="ScenarioTest.Help()[pri:0, instance:com.AssignmentforSDET_CAWStudios.tests.ScenarioTest@52d10fb8]" name="Help" class="com.AssignmentforSDET_CAWStudios.tests.ScenarioTest"/>
      </group> <!-- invalid -->
      <group name="sanity">
        <method signature="ScenarioTest.Help()[pri:0, instance:com.AssignmentforSDET_CAWStudios.tests.ScenarioTest@52d10fb8]" name="Help" class="com.AssignmentforSDET_CAWStudios.tests.ScenarioTest"/>
      </group> <!-- sanity -->
    </groups>
    <test started-at="2023-10-25T10:48:26Z" name="Test" finished-at="2023-10-25T10:48:33Z" duration-ms="6862">
      <class name="com.AssignmentforSDET_CAWStudios.tests.ScenarioTest">
        <test-method is-config="true" signature="setExtent()[pri:0, instance:com.AssignmentforSDET_CAWStudios.tests.ScenarioTest@52d10fb8]" started-at="2023-10-25T10:48:26Z" name="setExtent" finished-at="2023-10-25T10:48:26Z" duration-ms="133" status="PASS">
          <reporter-output>
          </reporter-output>
        </test-method> <!-- setExtent -->
        <test-method is-config="true" signature="intializeDriver()[pri:0, instance:com.AssignmentforSDET_CAWStudios.tests.ScenarioTest@52d10fb8]" started-at="2023-10-25T10:48:26Z" name="intializeDriver" finished-at="2023-10-25T10:48:27Z" duration-ms="1354" status="PASS">
          <reporter-output>
          </reporter-output>
        </test-method> <!-- intializeDriver -->
        <test-method is-config="true" signature="openUrl()[pri:0, instance:com.AssignmentforSDET_CAWStudios.tests.ScenarioTest@52d10fb8]" started-at="2023-10-25T10:48:27Z" name="openUrl" finished-at="2023-10-25T10:48:29Z" duration-ms="1867" status="PASS">
          <reporter-output>
          </reporter-output>
        </test-method> <!-- openUrl -->
        <test-method is-config="true" signature="startTest(java.lang.reflect.Method)[pri:0, instance:com.AssignmentforSDET_CAWStudios.tests.ScenarioTest@52d10fb8]" started-at="2023-10-25T10:48:29Z" name="startTest" finished-at="2023-10-25T10:48:29Z" duration-ms="7" status="PASS">
          <params>
            <param index="0">
              <value>
                <![CDATA[public void com.AssignmentforSDET_CAWStudios.tests.ScenarioTest.Help() throws java.lang.InterruptedException]]>
              </value>
            </param>
          </params>
          <reporter-output>
          </reporter-output>
        </test-method> <!-- startTest -->
        <test-method signature="Help()[pri:0, instance:com.AssignmentforSDET_CAWStudios.tests.ScenarioTest@52d10fb8]" started-at="2023-10-25T10:48:29Z" name="Help" finished-at="2023-10-25T10:48:32Z" duration-ms="3485" status="PASS">
          <reporter-output>
          </reporter-output>
        </test-method> <!-- Help -->
        <test-method is-config="true" signature="resultTest(org.testng.ITestResult)[pri:0, instance:com.AssignmentforSDET_CAWStudios.tests.ScenarioTest@52d10fb8]" started-at="2023-10-25T10:48:33Z" name="resultTest" finished-at="2023-10-25T10:48:33Z" duration-ms="3" status="PASS">
          <params>
            <param index="0">
              <value>
                <![CDATA[[TestResult name=Help status=SUCCESS method=ScenarioTest.Help()[pri:0, instance:com.AssignmentforSDET_CAWStudios.tests.ScenarioTest@52d10fb8] output={null}]]]>
              </value>
            </param>
          </params>
          <reporter-output>
          </reporter-output>
        </test-method> <!-- resultTest -->
        <test-method is-config="true" signature="testclose()[pri:0, instance:com.AssignmentforSDET_CAWStudios.tests.ScenarioTest@52d10fb8]" started-at="2023-10-25T10:48:33Z" name="testclose" finished-at="2023-10-25T10:48:33Z" duration-ms="119" status="PASS">
          <reporter-output>
          </reporter-output>
        </test-method> <!-- testclose -->
        <test-method is-config="true" signature="endReport()[pri:0, instance:com.AssignmentforSDET_CAWStudios.tests.ScenarioTest@52d10fb8]" started-at="2023-10-25T10:48:33Z" name="endReport" finished-at="2023-10-25T10:48:33Z" duration-ms="336" status="PASS">
          <reporter-output>
          </reporter-output>
        </test-method> <!-- endReport -->
      </class> <!-- com.AssignmentforSDET_CAWStudios.tests.ScenarioTest -->
    </test> <!-- Test -->
  </suite> <!-- Suite -->
</testng-results>
